+-------+---------------+------+-----+---------+-------+
| Field | Type          | Null | Key | Default | Extra |
+-------+---------------+------+-----+---------+-------+
| pk    | int(11)       | NO   | PRI | 0       |       |
| c1    | int(11)       | YES  |     | NULL    |       |
| c2    | int(11)       | YES  | MUL | NULL    |       |
| c3    | int(11)       | YES  |     | NULL    |       |
| c4    | char(10)      | YES  | MUL | NULL    |       |
| c5    | char(10)      | YES  |     | NULL    |       |
| c6    | varchar(2000) | YES  |     | NULL    |       |
+-------+---------------+------+-----+---------+-------+
+-------+------------+----------+--------------+-------------+-----------+-------------+----------+--------+------+------------+---------+---------------+
| Table | Non_unique | Key_name | Seq_in_index | Column_name | Collation | Cardinality | Sub_part | Packed | Null | Index_type | Comment | Index_comment |
+-------+------------+----------+--------------+-------------+-----------+-------------+----------+--------+------+------------+---------+---------------+
| t1    |          0 | PRIMARY  |            1 | pk          | A         |     1000029 |     NULL | NULL   |      | BTREE      |         |               |
| t1    |          1 | c2       |            1 | c2          | A         |         511 |     NULL | NULL   | YES  | BTREE      |         |               |
| t1    |          1 | c4       |            1 | c4          | A         |        2049 |     NULL | NULL   | YES  | BTREE      |         |               |
+-------+------------+----------+--------------+-------------+-----------+-------------+----------+--------+------+------------+---------+---------------+
+----+------+------+------+------------+------------+-------------------------+
| pk | c1   | c2   | c3   | c4         | c5         | c6 (length)             |
+----+------+------+------+------------+------------+-------------------------+
|  0 | NULL | NULL | NULL | 0123456789 | 0123456789 | 012345678901... (1,000) |
|  1 |    1 |    1 |    1 | 1234567890 | 1234567890 | 012345678901... (1,000) |
|  2 |    2 |    2 |    2 | 2345678901 | 2345678901 | 012345678901... (1,000) |
|  3 |    3 |    3 |    3 | 3456789012 | 3456789012 | 012345678901... (1,000) |
|  4 |    4 |    4 |    4 | 4567890123 | 4567890123 | 012345678901... (1,000) |
|  5 |    5 |    5 |    5 | 5678901234 | 5678901234 | 012345678901... (1,000) |
|  6 |    6 |    6 |    6 | 6789012345 | 6789012345 | 012345678901... (1,000) |
|  7 |    7 |    7 |    7 | 7890123456 | 7890123456 | 012345678901... (1,000) |
|  8 |    8 |    8 |    8 | 8901234567 | 8901234567 | 012345678901... (1,000) |
|  9 |    9 |    9 |    9 | 9012345678 | 9012345678 | 012345678901... (1,000) |
| 10 |   10 | NULL | NULL | 0123456789 | 0123456789 | 012345678901... (1,000) |
| 11 |   11 |    1 |    1 | 1234567890 | 1234567890 | 012345678901... (1,000) |
| 12 |   12 |    2 |    2 | 2345678901 | 2345678901 | 012345678901... (1,000) |
| 13 |   13 |    3 |    3 | 3456789012 | 3456789012 | 012345678901... (1,000) |
| 14 |   14 |    4 |    4 | 4567890123 | 4567890123 | 012345678901... (1,000) |
+----+------+------+------+------------+------------+-------------------------+
+----------+
| COUNT(*) |
+----------+
|  1000000 |
+----------+
+-------+---------------+------+-----+---------+-------+
| Field | Type          | Null | Key | Default | Extra |
+-------+---------------+------+-----+---------+-------+
| pk    | int(11)       | NO   | PRI | 0       |       |
| c1    | int(11)       | YES  |     | NULL    |       |
| c2    | int(11)       | YES  | MUL | NULL    |       |
| c3    | int(11)       | YES  |     | NULL    |       |
| c4    | char(10)      | YES  | MUL | NULL    |       |
| c5    | char(10)      | YES  |     | NULL    |       |
| c6    | varchar(2000) | YES  |     | NULL    |       |
+-------+---------------+------+-----+---------+-------+
+-------+------------+----------+--------------+-------------+-----------+-------------+----------+--------+------+------------+---------+---------------+
| Table | Non_unique | Key_name | Seq_in_index | Column_name | Collation | Cardinality | Sub_part | Packed | Null | Index_type | Comment | Index_comment |
+-------+------------+----------+--------------+-------------+-----------+-------------+----------+--------+------+------------+---------+---------------+
| t2    |          0 | PRIMARY  |            1 | pk          | A         |     1000029 |     NULL | NULL   |      | BTREE      |         |               |
| t2    |          1 | c2       |            1 | c2          | A         |         895 |     NULL | NULL   | YES  | BTREE      |         |               |
| t2    |          1 | c2       |            2 | c3          | A         |         895 |     NULL | NULL   | YES  | BTREE      |         |               |
| t2    |          1 | c4       |            1 | c4          | A         |         127 |     NULL | NULL   | YES  | BTREE      |         |               |
| t2    |          1 | c4       |            2 | c5          | A         |         127 |     NULL | NULL   | YES  | BTREE      |         |               |
+-------+------------+----------+--------------+-------------+-----------+-------------+----------+--------+------+------------+---------+---------------+
+----+------+------+------+------------+------------+-------------------------+
| pk | c1   | c2   | c3   | c4         | c5         | c6 (length)             |
+----+------+------+------+------------+------------+-------------------------+
|  0 | NULL | NULL | NULL | 0123456789 | 0123456789 | 012345678901... (1,000) |
|  1 |    1 |    1 |    1 | 1234567890 | 1234567890 | 012345678901... (1,000) |
|  2 |    2 |    2 |    2 | 2345678901 | 2345678901 | 012345678901... (1,000) |
|  3 |    3 |    3 |    3 | 3456789012 | 3456789012 | 012345678901... (1,000) |
|  4 |    4 |    4 |    4 | 4567890123 | 4567890123 | 012345678901... (1,000) |
|  5 |    5 |    5 |    5 | 5678901234 | 5678901234 | 012345678901... (1,000) |
|  6 |    6 |    6 |    6 | 6789012345 | 6789012345 | 012345678901... (1,000) |
|  7 |    7 |    7 |    7 | 7890123456 | 7890123456 | 012345678901... (1,000) |
|  8 |    8 |    8 |    8 | 8901234567 | 8901234567 | 012345678901... (1,000) |
|  9 |    9 |    9 |    9 | 9012345678 | 9012345678 | 012345678901... (1,000) |
| 10 |   10 | NULL | NULL | 0123456789 | 0123456789 | 012345678901... (1,000) |
| 11 |   11 |    1 |    1 | 1234567890 | 1234567890 | 012345678901... (1,000) |
| 12 |   12 |    2 |    2 | 2345678901 | 2345678901 | 012345678901... (1,000) |
| 13 |   13 |    3 |    3 | 3456789012 | 3456789012 | 012345678901... (1,000) |
| 14 |   14 |    4 |    4 | 4567890123 | 4567890123 | 012345678901... (1,000) |
+----+------+------+------+------------+------------+-------------------------+
+----------+
| COUNT(*) |
+----------+
|  1000000 |
+----------+
