--------------
SET GLOBAL slow_query_log_file = '/Users/michinobu/github/mysql_perf/log/3_slow.log'
--------------

--------------
SET GLOBAL slow_query_log = 1
--------------

--------------
SET GLOBAL long_query_time = 0
--------------

--------------
FLUSH TABLES
--------------

--------------
SELECT c1 FROM t1 WHERE pk = 555
--------------

+------+
| c1   |
+------+
|  555 |
+------+
--------------
FLUSH TABLES
--------------

--------------
SELECT pk FROM t1 WHERE pk = 555
--------------

+-----+
| pk  |
+-----+
| 555 |
+-----+
--------------
FLUSH TABLES
--------------

--------------
SELECT c1 FROM t1 WHERE c1 = 555
--------------

+------+
| c1   |
+------+
|  555 |
+------+
--------------
FLUSH TABLES
--------------

--------------
SELECT COUNT(*) FROM t1 WHERE c2 = 5
--------------

+----------+
| COUNT(*) |
+----------+
|    99968 |
+----------+
--------------
FLUSH TABLES
--------------

--------------
SELECT COUNT(*) FROM t2 WHERE c2 = 5
--------------

+----------+
| COUNT(*) |
+----------+
|    99968 |
+----------+
--------------
FLUSH TABLES
--------------

--------------
SELECT COUNT(c2) FROM t1 WHERE c2 = 5
--------------

+-----------+
| COUNT(c2) |
+-----------+
|     99968 |
+-----------+
--------------
FLUSH TABLES
--------------

--------------
SELECT COUNT(c3) FROM t1 WHERE c2 = 5
--------------

+-----------+
| COUNT(c3) |
+-----------+
|     99968 |
+-----------+
--------------
FLUSH TABLES
--------------

--------------
SELECT COUNT(*) FROM t1 WHERE c3 = 5
--------------

+----------+
| COUNT(*) |
+----------+
|    99968 |
+----------+
--------------
FLUSH TABLES
--------------

--------------
SELECT COUNT(*) FROM t2 WHERE c3 = 5
--------------

+----------+
| COUNT(*) |
+----------+
|    99968 |
+----------+
--------------
FLUSH TABLES
--------------

--------------
SELECT COUNT(*) FROM t1 WHERE c4 = '5678901234'
--------------

+----------+
| COUNT(*) |
+----------+
|    99968 |
+----------+
--------------
FLUSH TABLES
--------------

--------------
SELECT COUNT(*) FROM t2 WHERE c4 = '5678901234'
--------------

+----------+
| COUNT(*) |
+----------+
|    99968 |
+----------+
--------------
FLUSH TABLES
--------------

--------------
SELECT COUNT(c4) FROM t1 WHERE c4 = '5678901234'
--------------

+-----------+
| COUNT(c4) |
+-----------+
|     99968 |
+-----------+
--------------
FLUSH TABLES
--------------

--------------
SELECT COUNT(c5) FROM t1 WHERE c4 = '5678901234'
--------------

+-----------+
| COUNT(c5) |
+-----------+
|     99968 |
+-----------+
--------------
FLUSH TABLES
--------------

--------------
SELECT COUNT(*) FROM t1 WHERE c5 = '5678901234'
--------------

+----------+
| COUNT(*) |
+----------+
|    99968 |
+----------+
--------------
FLUSH TABLES
--------------

--------------
SELECT COUNT(*) FROM t2 WHERE c5 = '5678901234'
--------------

+----------+
| COUNT(*) |
+----------+
|    99968 |
+----------+
--------------
FLUSH TABLES
--------------

--------------
SELECT COUNT(*) FROM t1 WHERE 333 < pk and pk < 777
--------------

+----------+
| COUNT(*) |
+----------+
|      443 |
+----------+
--------------
FLUSH TABLES
--------------

--------------
SELECT COUNT(*) FROM t1 WHERE 333 < c1 and c1 < 777
--------------

+----------+
| COUNT(*) |
+----------+
|      443 |
+----------+
--------------
FLUSH TABLES
--------------

--------------
SELECT COUNT(*) FROM t1 WHERE 3 < c2 and c2 < 7
--------------

+----------+
| COUNT(*) |
+----------+
|   299968 |
+----------+
--------------
FLUSH TABLES
--------------

--------------
SELECT COUNT(*) FROM t2 WHERE 3 < c2 and c2 < 7
--------------

+----------+
| COUNT(*) |
+----------+
|   299968 |
+----------+
--------------
FLUSH TABLES
--------------

--------------
SELECT COUNT(*) FROM t1 WHERE 3 < c3 and c3 < 7
--------------

+----------+
| COUNT(*) |
+----------+
|   299968 |
+----------+
--------------
FLUSH TABLES
--------------

--------------
SELECT COUNT(*) FROM t2 WHERE 3 < c3 and c3 < 7
--------------

+----------+
| COUNT(*) |
+----------+
|   299968 |
+----------+
--------------
FLUSH TABLES
--------------

--------------
SELECT COUNT(*) FROM t1 WHERE pk IN (333, 555, 777)
--------------

+----------+
| COUNT(*) |
+----------+
|        3 |
+----------+
--------------
FLUSH TABLES
--------------

--------------
SELECT COUNT(*) FROM t1 WHERE pk = 333 OR pk = 555 OR pk = 777
--------------

+----------+
| COUNT(*) |
+----------+
|        3 |
+----------+
--------------
FLUSH TABLES
--------------

--------------
SELECT COUNT(*) FROM t1 WHERE c4 like '567%'
--------------

+----------+
| COUNT(*) |
+----------+
|    99968 |
+----------+
--------------
FLUSH TABLES
--------------

--------------
SELECT COUNT(*) FROM t2 WHERE c4 like '567%'
--------------

+----------+
| COUNT(*) |
+----------+
|    99968 |
+----------+
--------------
FLUSH TABLES
--------------

--------------
SELECT COUNT(*) FROM t1 WHERE c5 like '567%'
--------------

+----------+
| COUNT(*) |
+----------+
|    99968 |
+----------+
--------------
FLUSH TABLES
--------------

--------------
SELECT COUNT(*) FROM t2 WHERE c5 like '567%'
--------------

+----------+
| COUNT(*) |
+----------+
|    99968 |
+----------+
--------------
FLUSH TABLES
--------------

--------------
SELECT COUNT(*) FROM t1 WHERE c4 like '%890%'
--------------

+----------+
| COUNT(*) |
+----------+
|   800000 |
+----------+
--------------
FLUSH TABLES
--------------

--------------
SELECT COUNT(*) FROM t1 WHERE c5 like '%890%'
--------------

+----------+
| COUNT(*) |
+----------+
|   800000 |
+----------+
--------------
FLUSH TABLES
--------------

--------------
SELECT COUNT(*) FROM t1 WHERE c4 like '%123'
--------------

+----------+
| COUNT(*) |
+----------+
|   100032 |
+----------+
--------------
FLUSH TABLES
--------------

--------------
SELECT COUNT(*) FROM t1 WHERE c5 like '%123'
--------------

+----------+
| COUNT(*) |
+----------+
|   100032 |
+----------+
--------------
FLUSH TABLES
--------------

--------------
SELECT COUNT(*) FROM t1
--------------

+----------+
| COUNT(*) |
+----------+
|  1000000 |
+----------+
--------------
FLUSH TABLES
--------------

--------------
SELECT COUNT(pk) FROM t1
--------------

+-----------+
| COUNT(pk) |
+-----------+
|   1000000 |
+-----------+
--------------
FLUSH TABLES
--------------

--------------
SELECT COUNT(c1) FROM t1
--------------

+-----------+
| COUNT(c1) |
+-----------+
|    999936 |
+-----------+
--------------
FLUSH TABLES
--------------

--------------
SELECT COUNT(c2) FROM t1
--------------

+-----------+
| COUNT(c2) |
+-----------+
|    899968 |
+-----------+
--------------
FLUSH TABLES
--------------

--------------
SELECT COUNT(c2) FROM t2
--------------

+-----------+
| COUNT(c2) |
+-----------+
|    899968 |
+-----------+
--------------
FLUSH TABLES
--------------

--------------
SELECT COUNT(c3) FROM t1
--------------

+-----------+
| COUNT(c3) |
+-----------+
|    899968 |
+-----------+
--------------
FLUSH TABLES
--------------

--------------
SELECT COUNT(c3) FROM t2
--------------

+-----------+
| COUNT(c3) |
+-----------+
|    899968 |
+-----------+
--------------
FLUSH TABLES
--------------

--------------
SELECT COUNT(c4) FROM t1
--------------

+-----------+
| COUNT(c4) |
+-----------+
|   1000000 |
+-----------+
--------------
FLUSH TABLES
--------------

--------------
SELECT COUNT(c4) FROM t2
--------------

+-----------+
| COUNT(c4) |
+-----------+
|   1000000 |
+-----------+
--------------
FLUSH TABLES
--------------

--------------
SELECT COUNT(c5) FROM t1
--------------

+-----------+
| COUNT(c5) |
+-----------+
|   1000000 |
+-----------+
--------------
FLUSH TABLES
--------------

--------------
SELECT COUNT(c5) FROM t2
--------------

+-----------+
| COUNT(c5) |
+-----------+
|   1000000 |
+-----------+
--------------
FLUSH TABLES
--------------

--------------
SELECT COUNT(c6) FROM t1
--------------

+-----------+
| COUNT(c6) |
+-----------+
|   1000000 |
+-----------+
--------------
FLUSH TABLES
--------------

--------------
SELECT pk FROM t1 ORDER BY pk LIMIT 10 OFFSET 999990
--------------

+--------+
| pk     |
+--------+
| 999990 |
| 999991 |
| 999992 |
| 999993 |
| 999994 |
| 999995 |
| 999996 |
| 999997 |
| 999998 |
| 999999 |
+--------+
--------------
FLUSH TABLES
--------------

--------------
SELECT pk FROM t1 ORDER BY c1 LIMIT 10 OFFSET 999990
--------------

+--------+
| pk     |
+--------+
| 999990 |
| 999991 |
| 999992 |
| 999993 |
| 999994 |
| 999995 |
| 999996 |
| 999997 |
| 999998 |
| 999999 |
+--------+
--------------
FLUSH TABLES
--------------

--------------
SELECT pk FROM t1 ORDER BY c2 LIMIT 10 OFFSET 999990
--------------

+--------+
| pk     |
+--------+
| 999904 |
| 999914 |
| 999924 |
| 999934 |
| 999944 |
| 999954 |
| 999964 |
| 999974 |
| 999984 |
| 999994 |
+--------+
--------------
FLUSH TABLES
--------------

--------------
SELECT pk FROM t1 ORDER BY c3 LIMIT 10 OFFSET 999990
--------------

+--------+
| pk     |
+--------+
| 190559 |
| 190569 |
| 190579 |
| 190589 |
| 190599 |
| 190609 |
| 190619 |
| 190629 |
| 190639 |
| 190649 |
+--------+
--------------
FLUSH TABLES
--------------

--------------
SELECT pk FROM t1 ORDER BY pk DESC LIMIT 10 OFFSET 999990
--------------

+----+
| pk |
+----+
|  9 |
|  8 |
|  7 |
|  6 |
|  5 |
|  4 |
|  3 |
|  2 |
|  1 |
|  0 |
+----+
--------------
FLUSH TABLES
--------------

--------------
SELECT pk FROM t1 ORDER BY c2 DESC LIMIT 10 OFFSET 999990
--------------

+----+
| pk |
+----+
| 90 |
| 80 |
| 70 |
| 60 |
| 50 |
| 40 |
| 30 |
| 20 |
| 10 |
|  0 |
+----+
--------------
FLUSH TABLES
--------------

--------------
SELECT c2, COUNT(*) FROM t1 GROUP BY c2
--------------

+------+----------+
| c2   | COUNT(*) |
+------+----------+
| NULL |   100032 |
|    1 |   100032 |
|    2 |   100032 |
|    3 |   100032 |
|    4 |   100032 |
|    5 |    99968 |
|    6 |    99968 |
|    7 |    99968 |
|    8 |    99968 |
|    9 |    99968 |
+------+----------+
--------------
FLUSH TABLES
--------------

--------------
SELECT c3, COUNT(*) FROM t1 GROUP BY c3
--------------

+------+----------+
| c3   | COUNT(*) |
+------+----------+
| NULL |   100032 |
|    1 |   100032 |
|    2 |   100032 |
|    3 |   100032 |
|    4 |   100032 |
|    5 |    99968 |
|    6 |    99968 |
|    7 |    99968 |
|    8 |    99968 |
|    9 |    99968 |
+------+----------+
--------------
FLUSH TABLES
--------------

--------------
SELECT t1.pk FROM t1 JOIN t2 ON t1.c2 = t2.pk WHERE t1.pk = 5 ORDER BY t1.pk
--------------

+----+
| pk |
+----+
|  5 |
+----+
--------------
FLUSH TABLES
--------------

--------------
SELECT t1.pk FROM t1 JOIN t2 ON t1.c2 = t2.c1 WHERE t1.pk = 5 ORDER BY t1.pk
--------------

+----+
| pk |
+----+
|  5 |
+----+
--------------
FLUSH TABLES
--------------

--------------
SELECT t1.pk FROM t1 JOIN t2 ON t1.c2 = t2.pk WHERE t1.pk < 10 ORDER BY t1.pk
--------------

+----+
| pk |
+----+
|  1 |
|  2 |
|  3 |
|  4 |
|  5 |
|  6 |
|  7 |
|  8 |
|  9 |
+----+
--------------
FLUSH TABLES
--------------

--------------
SELECT t1.pk FROM t1 JOIN t2 ON t1.c2 = t2.c1 WHERE t1.pk < 10 ORDER BY t1.pk
--------------

+----+
| pk |
+----+
|  1 |
|  2 |
|  3 |
|  4 |
|  5 |
|  6 |
|  7 |
|  8 |
|  9 |
+----+
--------------
FLUSH TABLES
--------------

--------------
SELECT COUNT(*) FROM t1 WHERE t1.pk IN (SELECT pk FROM t2 WHERE 33 < pk and pk < 77)
--------------

+----------+
| COUNT(*) |
+----------+
|       43 |
+----------+
--------------
FLUSH TABLES
--------------

--------------
SELECT COUNT(*) FROM t1 WHERE t1.pk IN (SELECT c1 FROM t2 WHERE 33 < pk and pk < 77)
--------------

+----------+
| COUNT(*) |
+----------+
|       43 |
+----------+
--------------
FLUSH TABLES
--------------

--------------
SELECT COUNT(*) FROM t1 WHERE t1.c1 IN (SELECT pk FROM t2 WHERE 33 < pk and pk < 77)
--------------

+----------+
| COUNT(*) |
+----------+
|       43 |
+----------+
--------------
FLUSH TABLES
--------------

--------------
SELECT COUNT(*) FROM t1 WHERE t1.c1 IN (SELECT c1 FROM t2 WHERE 33 < pk and pk < 33)
--------------

+----------+
| COUNT(*) |
+----------+
|        0 |
+----------+
--------------
FLUSH SLOW LOG
--------------

