--------------
EXPLAIN SELECT c1 FROM t1 WHERE pk = 555
--------------

+----+-------------+-------+-------+---------------+---------+---------+-------+------+-------+
| id | select_type | table | type  | possible_keys | key     | key_len | ref   | rows | Extra |
+----+-------------+-------+-------+---------------+---------+---------+-------+------+-------+
|  1 | SIMPLE      | t1    | const | PRIMARY       | PRIMARY | 4       | const |    1 |       |
+----+-------------+-------+-------+---------------+---------+---------+-------+------+-------+
--------------
EXPLAIN SELECT pk FROM t1 WHERE pk = 555
--------------

+----+-------------+-------+-------+---------------+---------+---------+-------+------+-------------+
| id | select_type | table | type  | possible_keys | key     | key_len | ref   | rows | Extra       |
+----+-------------+-------+-------+---------------+---------+---------+-------+------+-------------+
|  1 | SIMPLE      | t1    | const | PRIMARY       | PRIMARY | 4       | const |    1 | Using index |
+----+-------------+-------+-------+---------------+---------+---------+-------+------+-------------+
--------------
EXPLAIN SELECT c1 FROM t1 WHERE c1 = 555
--------------

+----+-------------+-------+------+---------------+------+---------+------+---------+-------------+
| id | select_type | table | type | possible_keys | key  | key_len | ref  | rows    | Extra       |
+----+-------------+-------+------+---------------+------+---------+------+---------+-------------+
|  1 | SIMPLE      | t1    | ALL  | NULL          | NULL | NULL    | NULL | 1000029 | Using where |
+----+-------------+-------+------+---------------+------+---------+------+---------+-------------+
--------------
EXPLAIN SELECT COUNT(*) FROM t1 WHERE c2 = 5
--------------

+----+-------------+-------+------+---------------+------+---------+-------+--------+--------------------------+
| id | select_type | table | type | possible_keys | key  | key_len | ref   | rows   | Extra                    |
+----+-------------+-------+------+---------------+------+---------+-------+--------+--------------------------+
|  1 | SIMPLE      | t1    | ref  | c2            | c2   | 5       | const | 169768 | Using where; Using index |
+----+-------------+-------+------+---------------+------+---------+-------+--------+--------------------------+
--------------
EXPLAIN SELECT COUNT(*) FROM t2 WHERE c2 = 5
--------------

+----+-------------+-------+------+---------------+------+---------+-------+--------+--------------------------+
| id | select_type | table | type | possible_keys | key  | key_len | ref   | rows   | Extra                    |
+----+-------------+-------+------+---------------+------+---------+-------+--------+--------------------------+
|  1 | SIMPLE      | t2    | ref  | c2            | c2   | 5       | const | 179708 | Using where; Using index |
+----+-------------+-------+------+---------------+------+---------+-------+--------+--------------------------+
--------------
EXPLAIN SELECT COUNT(c2) FROM t1 WHERE c2 = 5
--------------

+----+-------------+-------+------+---------------+------+---------+-------+--------+--------------------------+
| id | select_type | table | type | possible_keys | key  | key_len | ref   | rows   | Extra                    |
+----+-------------+-------+------+---------------+------+---------+-------+--------+--------------------------+
|  1 | SIMPLE      | t1    | ref  | c2            | c2   | 5       | const | 169768 | Using where; Using index |
+----+-------------+-------+------+---------------+------+---------+-------+--------+--------------------------+
--------------
EXPLAIN SELECT COUNT(c3) FROM t1 WHERE c2 = 5
--------------

+----+-------------+-------+------+---------------+------+---------+-------+--------+-------------+
| id | select_type | table | type | possible_keys | key  | key_len | ref   | rows   | Extra       |
+----+-------------+-------+------+---------------+------+---------+-------+--------+-------------+
|  1 | SIMPLE      | t1    | ref  | c2            | c2   | 5       | const | 169768 | Using where |
+----+-------------+-------+------+---------------+------+---------+-------+--------+-------------+
--------------
EXPLAIN SELECT COUNT(*) FROM t1 WHERE c3 = 5
--------------

+----+-------------+-------+------+---------------+------+---------+------+---------+-------------+
| id | select_type | table | type | possible_keys | key  | key_len | ref  | rows    | Extra       |
+----+-------------+-------+------+---------------+------+---------+------+---------+-------------+
|  1 | SIMPLE      | t1    | ALL  | NULL          | NULL | NULL    | NULL | 1000029 | Using where |
+----+-------------+-------+------+---------------+------+---------+------+---------+-------------+
--------------
EXPLAIN SELECT COUNT(*) FROM t2 WHERE c3 = 5
--------------

+----+-------------+-------+-------+---------------+------+---------+------+---------+--------------------------+
| id | select_type | table | type  | possible_keys | key  | key_len | ref  | rows    | Extra                    |
+----+-------------+-------+-------+---------------+------+---------+------+---------+--------------------------+
|  1 | SIMPLE      | t2    | index | NULL          | c2   | 10      | NULL | 1000029 | Using where; Using index |
+----+-------------+-------+-------+---------------+------+---------+------+---------+--------------------------+
--------------
EXPLAIN SELECT COUNT(*) FROM t1 WHERE c4 = '5678901234'
--------------

+----+-------------+-------+------+---------------+------+---------+-------+--------+--------------------------+
| id | select_type | table | type | possible_keys | key  | key_len | ref   | rows   | Extra                    |
+----+-------------+-------+------+---------------+------+---------+-------+--------+--------------------------+
|  1 | SIMPLE      | t1    | ref  | c4            | c4   | 31      | const | 173422 | Using where; Using index |
+----+-------------+-------+------+---------------+------+---------+-------+--------+--------------------------+
--------------
EXPLAIN SELECT COUNT(*) FROM t2 WHERE c4 = '5678901234'
--------------

+----+-------------+-------+------+---------------+------+---------+-------+--------+--------------------------+
| id | select_type | table | type | possible_keys | key  | key_len | ref   | rows   | Extra                    |
+----+-------------+-------+------+---------------+------+---------+-------+--------+--------------------------+
|  1 | SIMPLE      | t2    | ref  | c4            | c4   | 31      | const | 186360 | Using where; Using index |
+----+-------------+-------+------+---------------+------+---------+-------+--------+--------------------------+
--------------
EXPLAIN SELECT COUNT(c4) FROM t1 WHERE c4 = '5678901234'
--------------

+----+-------------+-------+------+---------------+------+---------+-------+--------+--------------------------+
| id | select_type | table | type | possible_keys | key  | key_len | ref   | rows   | Extra                    |
+----+-------------+-------+------+---------------+------+---------+-------+--------+--------------------------+
|  1 | SIMPLE      | t1    | ref  | c4            | c4   | 31      | const | 173422 | Using where; Using index |
+----+-------------+-------+------+---------------+------+---------+-------+--------+--------------------------+
--------------
EXPLAIN SELECT COUNT(c5) FROM t1 WHERE c4 = '5678901234'
--------------

+----+-------------+-------+------+---------------+------+---------+-------+--------+-------------+
| id | select_type | table | type | possible_keys | key  | key_len | ref   | rows   | Extra       |
+----+-------------+-------+------+---------------+------+---------+-------+--------+-------------+
|  1 | SIMPLE      | t1    | ref  | c4            | c4   | 31      | const | 173422 | Using where |
+----+-------------+-------+------+---------------+------+---------+-------+--------+-------------+
--------------
EXPLAIN SELECT COUNT(*) FROM t1 WHERE c5 = '5678901234'
--------------

+----+-------------+-------+------+---------------+------+---------+------+---------+-------------+
| id | select_type | table | type | possible_keys | key  | key_len | ref  | rows    | Extra       |
+----+-------------+-------+------+---------------+------+---------+------+---------+-------------+
|  1 | SIMPLE      | t1    | ALL  | NULL          | NULL | NULL    | NULL | 1000029 | Using where |
+----+-------------+-------+------+---------------+------+---------+------+---------+-------------+
--------------
EXPLAIN SELECT COUNT(*) FROM t2 WHERE c5 = '5678901234'
--------------

+----+-------------+-------+-------+---------------+------+---------+------+---------+--------------------------+
| id | select_type | table | type  | possible_keys | key  | key_len | ref  | rows    | Extra                    |
+----+-------------+-------+-------+---------------+------+---------+------+---------+--------------------------+
|  1 | SIMPLE      | t2    | index | NULL          | c4   | 62      | NULL | 1000029 | Using where; Using index |
+----+-------------+-------+-------+---------------+------+---------+------+---------+--------------------------+
--------------
EXPLAIN SELECT COUNT(*) FROM t1 WHERE 333 < pk and pk < 777
--------------

+----+-------------+-------+-------+---------------+---------+---------+------+------+--------------------------+
| id | select_type | table | type  | possible_keys | key     | key_len | ref  | rows | Extra                    |
+----+-------------+-------+-------+---------------+---------+---------+------+------+--------------------------+
|  1 | SIMPLE      | t1    | range | PRIMARY       | PRIMARY | 4       | NULL |  910 | Using where; Using index |
+----+-------------+-------+-------+---------------+---------+---------+------+------+--------------------------+
--------------
EXPLAIN SELECT COUNT(*) FROM t1 WHERE 333 < c1 and c1 < 777
--------------

+----+-------------+-------+------+---------------+------+---------+------+---------+-------------+
| id | select_type | table | type | possible_keys | key  | key_len | ref  | rows    | Extra       |
+----+-------------+-------+------+---------------+------+---------+------+---------+-------------+
|  1 | SIMPLE      | t1    | ALL  | NULL          | NULL | NULL    | NULL | 1000029 | Using where |
+----+-------------+-------+------+---------------+------+---------+------+---------+-------------+
--------------
EXPLAIN SELECT COUNT(*) FROM t1 WHERE 3 < c2 and c2 < 7
--------------

+----+-------------+-------+-------+---------------+------+---------+------+--------+--------------------------+
| id | select_type | table | type  | possible_keys | key  | key_len | ref  | rows   | Extra                    |
+----+-------------+-------+-------+---------------+------+---------+------+--------+--------------------------+
|  1 | SIMPLE      | t1    | range | c2            | c2   | 5       | NULL | 500014 | Using where; Using index |
+----+-------------+-------+-------+---------------+------+---------+------+--------+--------------------------+
--------------
EXPLAIN SELECT COUNT(*) FROM t2 WHERE 3 < c2 and c2 < 7
--------------

+----+-------------+-------+-------+---------------+------+---------+------+--------+--------------------------+
| id | select_type | table | type  | possible_keys | key  | key_len | ref  | rows   | Extra                    |
+----+-------------+-------+-------+---------------+------+---------+------+--------+--------------------------+
|  1 | SIMPLE      | t2    | range | c2            | c2   | 5       | NULL | 500014 | Using where; Using index |
+----+-------------+-------+-------+---------------+------+---------+------+--------+--------------------------+
--------------
EXPLAIN SELECT COUNT(*) FROM t1 WHERE 3 < c3 and c3 < 7
--------------

+----+-------------+-------+------+---------------+------+---------+------+---------+-------------+
| id | select_type | table | type | possible_keys | key  | key_len | ref  | rows    | Extra       |
+----+-------------+-------+------+---------------+------+---------+------+---------+-------------+
|  1 | SIMPLE      | t1    | ALL  | NULL          | NULL | NULL    | NULL | 1000029 | Using where |
+----+-------------+-------+------+---------------+------+---------+------+---------+-------------+
--------------
EXPLAIN SELECT COUNT(*) FROM t2 WHERE 3 < c3 and c3 < 7
--------------

+----+-------------+-------+-------+---------------+------+---------+------+---------+--------------------------+
| id | select_type | table | type  | possible_keys | key  | key_len | ref  | rows    | Extra                    |
+----+-------------+-------+-------+---------------+------+---------+------+---------+--------------------------+
|  1 | SIMPLE      | t2    | index | NULL          | c2   | 10      | NULL | 1000029 | Using where; Using index |
+----+-------------+-------+-------+---------------+------+---------+------+---------+--------------------------+
--------------
EXPLAIN SELECT COUNT(*) FROM t1 WHERE pk IN (333, 555, 777)
--------------

+----+-------------+-------+-------+---------------+---------+---------+------+------+--------------------------+
| id | select_type | table | type  | possible_keys | key     | key_len | ref  | rows | Extra                    |
+----+-------------+-------+-------+---------------+---------+---------+------+------+--------------------------+
|  1 | SIMPLE      | t1    | range | PRIMARY       | PRIMARY | 4       | NULL |    3 | Using where; Using index |
+----+-------------+-------+-------+---------------+---------+---------+------+------+--------------------------+
--------------
EXPLAIN SELECT COUNT(*) FROM t1 WHERE pk = 333 OR pk = 555 OR pk = 777
--------------

+----+-------------+-------+-------+---------------+---------+---------+------+------+--------------------------+
| id | select_type | table | type  | possible_keys | key     | key_len | ref  | rows | Extra                    |
+----+-------------+-------+-------+---------------+---------+---------+------+------+--------------------------+
|  1 | SIMPLE      | t1    | range | PRIMARY       | PRIMARY | 4       | NULL |    3 | Using where; Using index |
+----+-------------+-------+-------+---------------+---------+---------+------+------+--------------------------+
--------------
EXPLAIN SELECT COUNT(*) FROM t1 WHERE c4 like '567%'
--------------

+----+-------------+-------+-------+---------------+------+---------+------+--------+--------------------------+
| id | select_type | table | type  | possible_keys | key  | key_len | ref  | rows   | Extra                    |
+----+-------------+-------+-------+---------------+------+---------+------+--------+--------------------------+
|  1 | SIMPLE      | t1    | range | c4            | c4   | 31      | NULL | 173422 | Using where; Using index |
+----+-------------+-------+-------+---------------+------+---------+------+--------+--------------------------+
--------------
EXPLAIN SELECT COUNT(*) FROM t2 WHERE c4 like '567%'
--------------

+----+-------------+-------+-------+---------------+------+---------+------+--------+--------------------------+
| id | select_type | table | type  | possible_keys | key  | key_len | ref  | rows   | Extra                    |
+----+-------------+-------+-------+---------------+------+---------+------+--------+--------------------------+
|  1 | SIMPLE      | t2    | range | c4            | c4   | 31      | NULL | 186360 | Using where; Using index |
+----+-------------+-------+-------+---------------+------+---------+------+--------+--------------------------+
--------------
EXPLAIN SELECT COUNT(*) FROM t1 WHERE c5 like '567%'
--------------

+----+-------------+-------+------+---------------+------+---------+------+---------+-------------+
| id | select_type | table | type | possible_keys | key  | key_len | ref  | rows    | Extra       |
+----+-------------+-------+------+---------------+------+---------+------+---------+-------------+
|  1 | SIMPLE      | t1    | ALL  | NULL          | NULL | NULL    | NULL | 1000029 | Using where |
+----+-------------+-------+------+---------------+------+---------+------+---------+-------------+
--------------
EXPLAIN SELECT COUNT(*) FROM t2 WHERE c5 like '567%'
--------------

+----+-------------+-------+-------+---------------+------+---------+------+---------+--------------------------+
| id | select_type | table | type  | possible_keys | key  | key_len | ref  | rows    | Extra                    |
+----+-------------+-------+-------+---------------+------+---------+------+---------+--------------------------+
|  1 | SIMPLE      | t2    | index | NULL          | c4   | 62      | NULL | 1000029 | Using where; Using index |
+----+-------------+-------+-------+---------------+------+---------+------+---------+--------------------------+
--------------
EXPLAIN SELECT COUNT(*) FROM t1 WHERE c4 like '%890%'
--------------

+----+-------------+-------+-------+---------------+------+---------+------+---------+--------------------------+
| id | select_type | table | type  | possible_keys | key  | key_len | ref  | rows    | Extra                    |
+----+-------------+-------+-------+---------------+------+---------+------+---------+--------------------------+
|  1 | SIMPLE      | t1    | index | NULL          | c4   | 31      | NULL | 1000029 | Using where; Using index |
+----+-------------+-------+-------+---------------+------+---------+------+---------+--------------------------+
--------------
EXPLAIN SELECT COUNT(*) FROM t1 WHERE c5 like '%890%'
--------------

+----+-------------+-------+------+---------------+------+---------+------+---------+-------------+
| id | select_type | table | type | possible_keys | key  | key_len | ref  | rows    | Extra       |
+----+-------------+-------+------+---------------+------+---------+------+---------+-------------+
|  1 | SIMPLE      | t1    | ALL  | NULL          | NULL | NULL    | NULL | 1000029 | Using where |
+----+-------------+-------+------+---------------+------+---------+------+---------+-------------+
--------------
EXPLAIN SELECT COUNT(*) FROM t1 WHERE c4 like '%123'
--------------

+----+-------------+-------+-------+---------------+------+---------+------+---------+--------------------------+
| id | select_type | table | type  | possible_keys | key  | key_len | ref  | rows    | Extra                    |
+----+-------------+-------+-------+---------------+------+---------+------+---------+--------------------------+
|  1 | SIMPLE      | t1    | index | NULL          | c4   | 31      | NULL | 1000029 | Using where; Using index |
+----+-------------+-------+-------+---------------+------+---------+------+---------+--------------------------+
--------------
EXPLAIN SELECT COUNT(*) FROM t1 WHERE c5 like '%123'
--------------

+----+-------------+-------+------+---------------+------+---------+------+---------+-------------+
| id | select_type | table | type | possible_keys | key  | key_len | ref  | rows    | Extra       |
+----+-------------+-------+------+---------------+------+---------+------+---------+-------------+
|  1 | SIMPLE      | t1    | ALL  | NULL          | NULL | NULL    | NULL | 1000029 | Using where |
+----+-------------+-------+------+---------------+------+---------+------+---------+-------------+
--------------
EXPLAIN SELECT COUNT(*) FROM t1
--------------

+----+-------------+-------+-------+---------------+------+---------+------+---------+-------------+
| id | select_type | table | type  | possible_keys | key  | key_len | ref  | rows    | Extra       |
+----+-------------+-------+-------+---------------+------+---------+------+---------+-------------+
|  1 | SIMPLE      | t1    | index | NULL          | c2   | 5       | NULL | 1000029 | Using index |
+----+-------------+-------+-------+---------------+------+---------+------+---------+-------------+
--------------
EXPLAIN SELECT COUNT(pk) FROM t1
--------------

+----+-------------+-------+-------+---------------+------+---------+------+---------+-------------+
| id | select_type | table | type  | possible_keys | key  | key_len | ref  | rows    | Extra       |
+----+-------------+-------+-------+---------------+------+---------+------+---------+-------------+
|  1 | SIMPLE      | t1    | index | NULL          | c2   | 5       | NULL | 1000029 | Using index |
+----+-------------+-------+-------+---------------+------+---------+------+---------+-------------+
--------------
EXPLAIN SELECT COUNT(c1) FROM t1
--------------

+----+-------------+-------+------+---------------+------+---------+------+---------+-------+
| id | select_type | table | type | possible_keys | key  | key_len | ref  | rows    | Extra |
+----+-------------+-------+------+---------------+------+---------+------+---------+-------+
|  1 | SIMPLE      | t1    | ALL  | NULL          | NULL | NULL    | NULL | 1000029 |       |
+----+-------------+-------+------+---------------+------+---------+------+---------+-------+
--------------
EXPLAIN SELECT COUNT(c2) FROM t1
--------------

+----+-------------+-------+-------+---------------+------+---------+------+---------+-------------+
| id | select_type | table | type  | possible_keys | key  | key_len | ref  | rows    | Extra       |
+----+-------------+-------+-------+---------------+------+---------+------+---------+-------------+
|  1 | SIMPLE      | t1    | index | NULL          | c2   | 5       | NULL | 1000029 | Using index |
+----+-------------+-------+-------+---------------+------+---------+------+---------+-------------+
--------------
EXPLAIN SELECT COUNT(c2) FROM t2
--------------

+----+-------------+-------+-------+---------------+------+---------+------+---------+-------------+
| id | select_type | table | type  | possible_keys | key  | key_len | ref  | rows    | Extra       |
+----+-------------+-------+-------+---------------+------+---------+------+---------+-------------+
|  1 | SIMPLE      | t2    | index | NULL          | c2   | 10      | NULL | 1000029 | Using index |
+----+-------------+-------+-------+---------------+------+---------+------+---------+-------------+
--------------
EXPLAIN SELECT COUNT(c3) FROM t1
--------------

+----+-------------+-------+------+---------------+------+---------+------+---------+-------+
| id | select_type | table | type | possible_keys | key  | key_len | ref  | rows    | Extra |
+----+-------------+-------+------+---------------+------+---------+------+---------+-------+
|  1 | SIMPLE      | t1    | ALL  | NULL          | NULL | NULL    | NULL | 1000029 |       |
+----+-------------+-------+------+---------------+------+---------+------+---------+-------+
--------------
EXPLAIN SELECT COUNT(c3) FROM t2
--------------

+----+-------------+-------+-------+---------------+------+---------+------+---------+-------------+
| id | select_type | table | type  | possible_keys | key  | key_len | ref  | rows    | Extra       |
+----+-------------+-------+-------+---------------+------+---------+------+---------+-------------+
|  1 | SIMPLE      | t2    | index | NULL          | c2   | 10      | NULL | 1000029 | Using index |
+----+-------------+-------+-------+---------------+------+---------+------+---------+-------------+
--------------
EXPLAIN SELECT COUNT(c4) FROM t1
--------------

+----+-------------+-------+-------+---------------+------+---------+------+---------+-------------+
| id | select_type | table | type  | possible_keys | key  | key_len | ref  | rows    | Extra       |
+----+-------------+-------+-------+---------------+------+---------+------+---------+-------------+
|  1 | SIMPLE      | t1    | index | NULL          | c4   | 31      | NULL | 1000029 | Using index |
+----+-------------+-------+-------+---------------+------+---------+------+---------+-------------+
--------------
EXPLAIN SELECT COUNT(c4) FROM t2
--------------

+----+-------------+-------+-------+---------------+------+---------+------+---------+-------------+
| id | select_type | table | type  | possible_keys | key  | key_len | ref  | rows    | Extra       |
+----+-------------+-------+-------+---------------+------+---------+------+---------+-------------+
|  1 | SIMPLE      | t2    | index | NULL          | c4   | 62      | NULL | 1000029 | Using index |
+----+-------------+-------+-------+---------------+------+---------+------+---------+-------------+
--------------
EXPLAIN SELECT COUNT(c5) FROM t1
--------------

+----+-------------+-------+------+---------------+------+---------+------+---------+-------+
| id | select_type | table | type | possible_keys | key  | key_len | ref  | rows    | Extra |
+----+-------------+-------+------+---------------+------+---------+------+---------+-------+
|  1 | SIMPLE      | t1    | ALL  | NULL          | NULL | NULL    | NULL | 1000029 |       |
+----+-------------+-------+------+---------------+------+---------+------+---------+-------+
--------------
EXPLAIN SELECT COUNT(c5) FROM t2
--------------

+----+-------------+-------+-------+---------------+------+---------+------+---------+-------------+
| id | select_type | table | type  | possible_keys | key  | key_len | ref  | rows    | Extra       |
+----+-------------+-------+-------+---------------+------+---------+------+---------+-------------+
|  1 | SIMPLE      | t2    | index | NULL          | c4   | 62      | NULL | 1000029 | Using index |
+----+-------------+-------+-------+---------------+------+---------+------+---------+-------------+
--------------
EXPLAIN SELECT COUNT(c6) FROM t1
--------------

+----+-------------+-------+------+---------------+------+---------+------+---------+-------+
| id | select_type | table | type | possible_keys | key  | key_len | ref  | rows    | Extra |
+----+-------------+-------+------+---------------+------+---------+------+---------+-------+
|  1 | SIMPLE      | t1    | ALL  | NULL          | NULL | NULL    | NULL | 1000029 |       |
+----+-------------+-------+------+---------------+------+---------+------+---------+-------+
--------------
EXPLAIN SELECT pk FROM t1 ORDER BY pk LIMIT 10 OFFSET 999990
--------------

+----+-------------+-------+-------+---------------+---------+---------+------+---------+-------------+
| id | select_type | table | type  | possible_keys | key     | key_len | ref  | rows    | Extra       |
+----+-------------+-------+-------+---------------+---------+---------+------+---------+-------------+
|  1 | SIMPLE      | t1    | index | NULL          | PRIMARY | 4       | NULL | 1000000 | Using index |
+----+-------------+-------+-------+---------------+---------+---------+------+---------+-------------+
--------------
EXPLAIN SELECT pk FROM t1 ORDER BY c1 LIMIT 10 OFFSET 999990
--------------

+----+-------------+-------+------+---------------+------+---------+------+---------+----------------+
| id | select_type | table | type | possible_keys | key  | key_len | ref  | rows    | Extra          |
+----+-------------+-------+------+---------------+------+---------+------+---------+----------------+
|  1 | SIMPLE      | t1    | ALL  | NULL          | NULL | NULL    | NULL | 1000029 | Using filesort |
+----+-------------+-------+------+---------------+------+---------+------+---------+----------------+
--------------
EXPLAIN SELECT pk FROM t1 ORDER BY c2 LIMIT 10 OFFSET 999990
--------------

+----+-------------+-------+-------+---------------+------+---------+------+---------+-------------+
| id | select_type | table | type  | possible_keys | key  | key_len | ref  | rows    | Extra       |
+----+-------------+-------+-------+---------------+------+---------+------+---------+-------------+
|  1 | SIMPLE      | t1    | index | NULL          | c2   | 5       | NULL | 1000000 | Using index |
+----+-------------+-------+-------+---------------+------+---------+------+---------+-------------+
--------------
EXPLAIN SELECT pk FROM t1 ORDER BY c3 LIMIT 10 OFFSET 999990
--------------

+----+-------------+-------+------+---------------+------+---------+------+---------+----------------+
| id | select_type | table | type | possible_keys | key  | key_len | ref  | rows    | Extra          |
+----+-------------+-------+------+---------------+------+---------+------+---------+----------------+
|  1 | SIMPLE      | t1    | ALL  | NULL          | NULL | NULL    | NULL | 1000029 | Using filesort |
+----+-------------+-------+------+---------------+------+---------+------+---------+----------------+
--------------
EXPLAIN SELECT pk FROM t1 ORDER BY pk DESC LIMIT 10 OFFSET 999990
--------------

+----+-------------+-------+-------+---------------+---------+---------+------+---------+-------------+
| id | select_type | table | type  | possible_keys | key     | key_len | ref  | rows    | Extra       |
+----+-------------+-------+-------+---------------+---------+---------+------+---------+-------------+
|  1 | SIMPLE      | t1    | index | NULL          | PRIMARY | 4       | NULL | 1000000 | Using index |
+----+-------------+-------+-------+---------------+---------+---------+------+---------+-------------+
--------------
EXPLAIN SELECT pk FROM t1 ORDER BY c2 DESC LIMIT 10 OFFSET 999990
--------------

+----+-------------+-------+-------+---------------+------+---------+------+---------+-------------+
| id | select_type | table | type  | possible_keys | key  | key_len | ref  | rows    | Extra       |
+----+-------------+-------+-------+---------------+------+---------+------+---------+-------------+
|  1 | SIMPLE      | t1    | index | NULL          | c2   | 5       | NULL | 1000000 | Using index |
+----+-------------+-------+-------+---------------+------+---------+------+---------+-------------+
--------------
EXPLAIN SELECT c2, COUNT(*) FROM t1 GROUP BY c2
--------------

+----+-------------+-------+-------+---------------+------+---------+------+---------+-------------+
| id | select_type | table | type  | possible_keys | key  | key_len | ref  | rows    | Extra       |
+----+-------------+-------+-------+---------------+------+---------+------+---------+-------------+
|  1 | SIMPLE      | t1    | index | NULL          | c2   | 5       | NULL | 1000029 | Using index |
+----+-------------+-------+-------+---------------+------+---------+------+---------+-------------+
--------------
EXPLAIN SELECT c3, COUNT(*) FROM t1 GROUP BY c3
--------------

+----+-------------+-------+------+---------------+------+---------+------+---------+---------------------------------+
| id | select_type | table | type | possible_keys | key  | key_len | ref  | rows    | Extra                           |
+----+-------------+-------+------+---------------+------+---------+------+---------+---------------------------------+
|  1 | SIMPLE      | t1    | ALL  | NULL          | NULL | NULL    | NULL | 1000029 | Using temporary; Using filesort |
+----+-------------+-------+------+---------------+------+---------+------+---------+---------------------------------+
--------------
EXPLAIN SELECT t1.pk FROM t1 JOIN t2 ON t1.c2 = t2.pk WHERE t1.pk = 5 ORDER BY t1.pk
--------------

+----+-------------+-------+-------+---------------+---------+---------+-------+------+-------------+
| id | select_type | table | type  | possible_keys | key     | key_len | ref   | rows | Extra       |
+----+-------------+-------+-------+---------------+---------+---------+-------+------+-------------+
|  1 | SIMPLE      | t1    | const | PRIMARY,c2    | PRIMARY | 4       | const |    1 |             |
|  1 | SIMPLE      | t2    | const | PRIMARY       | PRIMARY | 4       | const |    1 | Using index |
+----+-------------+-------+-------+---------------+---------+---------+-------+------+-------------+
--------------
EXPLAIN SELECT t1.pk FROM t1 JOIN t2 ON t1.c2 = t2.c1 WHERE t1.pk = 5 ORDER BY t1.pk
--------------

+----+-------------+-------+-------+---------------+---------+---------+-------+---------+-------------+
| id | select_type | table | type  | possible_keys | key     | key_len | ref   | rows    | Extra       |
+----+-------------+-------+-------+---------------+---------+---------+-------+---------+-------------+
|  1 | SIMPLE      | t1    | const | PRIMARY,c2    | PRIMARY | 4       | const |       1 |             |
|  1 | SIMPLE      | t2    | ALL   | NULL          | NULL    | NULL    | NULL  | 1000029 | Using where |
+----+-------------+-------+-------+---------------+---------+---------+-------+---------+-------------+
--------------
EXPLAIN SELECT t1.pk FROM t1 JOIN t2 ON t1.c2 = t2.pk WHERE t1.pk < 10 ORDER BY t1.pk
--------------

+----+-------------+-------+--------+---------------+---------+---------+------------+------+-------------+
| id | select_type | table | type   | possible_keys | key     | key_len | ref        | rows | Extra       |
+----+-------------+-------+--------+---------------+---------+---------+------------+------+-------------+
|  1 | SIMPLE      | t1    | range  | PRIMARY,c2    | PRIMARY | 4       | NULL       |    9 | Using where |
|  1 | SIMPLE      | t2    | eq_ref | PRIMARY       | PRIMARY | 4       | test.t1.c2 |    1 | Using index |
+----+-------------+-------+--------+---------------+---------+---------+------------+------+-------------+
--------------
EXPLAIN SELECT t1.pk FROM t1 JOIN t2 ON t1.c2 = t2.c1 WHERE t1.pk < 10 ORDER BY t1.pk
--------------

+----+-------------+-------+-------+---------------+---------+---------+------+---------+----------------------------------------------+
| id | select_type | table | type  | possible_keys | key     | key_len | ref  | rows    | Extra                                        |
+----+-------------+-------+-------+---------------+---------+---------+------+---------+----------------------------------------------+
|  1 | SIMPLE      | t1    | range | PRIMARY,c2    | PRIMARY | 4       | NULL |       9 | Using where; Using temporary; Using filesort |
|  1 | SIMPLE      | t2    | ALL   | NULL          | NULL    | NULL    | NULL | 1000029 | Using where; Using join buffer               |
+----+-------------+-------+-------+---------------+---------+---------+------+---------+----------------------------------------------+
--------------
EXPLAIN SELECT COUNT(*) FROM t1 WHERE t1.pk IN (SELECT pk FROM t2 WHERE 33 < pk and pk < 77)
--------------

+----+--------------------+-------+-----------------+---------------+---------+---------+------+---------+--------------------------+
| id | select_type        | table | type            | possible_keys | key     | key_len | ref  | rows    | Extra                    |
+----+--------------------+-------+-----------------+---------------+---------+---------+------+---------+--------------------------+
|  1 | PRIMARY            | t1    | index           | NULL          | c2      | 5       | NULL | 1000029 | Using where; Using index |
|  2 | DEPENDENT SUBQUERY | t2    | unique_subquery | PRIMARY       | PRIMARY | 4       | func |       1 | Using index; Using where |
+----+--------------------+-------+-----------------+---------------+---------+---------+------+---------+--------------------------+
--------------
EXPLAIN SELECT COUNT(*) FROM t1 WHERE t1.pk IN (SELECT c1 FROM t2 WHERE 33 < pk and pk < 77)
--------------

+----+--------------------+-------+-------+---------------+---------+---------+------+---------+--------------------------+
| id | select_type        | table | type  | possible_keys | key     | key_len | ref  | rows    | Extra                    |
+----+--------------------+-------+-------+---------------+---------+---------+------+---------+--------------------------+
|  1 | PRIMARY            | t1    | index | NULL          | c2      | 5       | NULL | 1000029 | Using where; Using index |
|  2 | DEPENDENT SUBQUERY | t2    | range | PRIMARY       | PRIMARY | 4       | NULL |      41 | Using where              |
+----+--------------------+-------+-------+---------------+---------+---------+------+---------+--------------------------+
--------------
EXPLAIN SELECT COUNT(*) FROM t1 WHERE t1.c1 IN (SELECT pk FROM t2 WHERE 33 < pk and pk < 77)
--------------

+----+--------------------+-------+-----------------+---------------+---------+---------+------+---------+--------------------------+
| id | select_type        | table | type            | possible_keys | key     | key_len | ref  | rows    | Extra                    |
+----+--------------------+-------+-----------------+---------------+---------+---------+------+---------+--------------------------+
|  1 | PRIMARY            | t1    | ALL             | NULL          | NULL    | NULL    | NULL | 1000029 | Using where              |
|  2 | DEPENDENT SUBQUERY | t2    | unique_subquery | PRIMARY       | PRIMARY | 4       | func |       1 | Using index; Using where |
+----+--------------------+-------+-----------------+---------------+---------+---------+------+---------+--------------------------+
--------------
EXPLAIN SELECT COUNT(*) FROM t1 WHERE t1.c1 IN (SELECT c1 FROM t2 WHERE 33 < pk and pk < 33)
--------------

+----+--------------------+-------+------+---------------+------+---------+------+---------+-----------------------------------------------------+
| id | select_type        | table | type | possible_keys | key  | key_len | ref  | rows    | Extra                                               |
+----+--------------------+-------+------+---------------+------+---------+------+---------+-----------------------------------------------------+
|  1 | PRIMARY            | t1    | ALL  | NULL          | NULL | NULL    | NULL | 1000029 | Using where                                         |
|  2 | DEPENDENT SUBQUERY | NULL  | NULL | NULL          | NULL | NULL    | NULL |    NULL | Impossible WHERE noticed after reading const tables |
+----+--------------------+-------+------+---------------+------+---------+------+---------+-----------------------------------------------------+
